<?xml version="1.0" encoding="UTF-8"?>
<!-- Generated by org.testng.reporters.JUnitReportReporter -->
<testsuite hostname="LAPTOP-DGUP2R51" failures="0" tests="6" name="com.Hybridframework.runner.Runner" time="31.568" errors="0" timestamp="2021-09-02T17:01:29 IST" skipped="0">
  <testcase classname="com.Hybridframework.runner.Runner" name="testdata" time="5.672"/>
  <system-out/>
  <testcase classname="com.Hybridframework.runner.Runner" name="testdata" time="4.949"/>
  <system-out/>
  <testcase classname="com.Hybridframework.runner.Runner" name="testdata" time="5.707"/>
  <system-out/>
  <testcase classname="com.Hybridframework.runner.Runner" name="validatingtitle" time="2.544"/>
  <system-out/>
  <testcase classname="com.Hybridframework.runner.Runner" name="validateitem" time="10.332"/>
  <system-out/>
  <testcase classname="com.Hybridframework.runner.Runner" name="signinclick" time="2.364"/>
  <system-out/>
</testsuite> <!-- com.Hybridframework.runner.Runner -->
