<?xml version="1.0" encoding="UTF-8"?>
<!-- Generated by org.testng.reporters.JUnitReportReporter -->
<testsuite hostname="LAPTOP-DGUP2R51" failures="0" tests="1" name="com.Hybridframework.runner.ValidateTitle" time="2.548" errors="0" timestamp="2021-08-31T16:59:21 IST" skipped="0">
  <testcase classname="com.Hybridframework.runner.ValidateTitle" name="validatingtitle" time="2.548"/>
  <system-out/>
</testsuite> <!-- com.Hybridframework.runner.ValidateTitle -->
