<?xml version="1.0" encoding="UTF-8"?>
<!-- Generated by org.testng.reporters.JUnitReportReporter -->
<testsuite hostname="LAPTOP-DGUP2R51" failures="0" tests="1" name="com.Hybridframework.runner.ValidateSignIn" time="4.910" errors="0" timestamp="2021-08-31T17:10:30 IST" skipped="0">
  <testcase classname="com.Hybridframework.runner.ValidateSignIn" name="signinclick" time="4.910"/>
  <system-out/>
</testsuite> <!-- com.Hybridframework.runner.ValidateSignIn -->
