<?xml version="1.0" encoding="UTF-8"?>
<!-- Generated by org.testng.reporters.JUnitReportReporter -->
<testsuite hostname="LAPTOP-DGUP2R51" failures="0" tests="3" name="com.Hybridframework.runner.ValidateExcelData" time="17.025" errors="0" timestamp="2021-09-01T21:27:05 IST" skipped="0">
  <testcase classname="com.Hybridframework.runner.ValidateExcelData" name="testdata" time="6.226"/>
  <system-out/>
  <testcase classname="com.Hybridframework.runner.ValidateExcelData" name="testdata" time="5.946"/>
  <system-out/>
  <testcase classname="com.Hybridframework.runner.ValidateExcelData" name="testdata" time="4.853"/>
  <system-out/>
</testsuite> <!-- com.Hybridframework.runner.ValidateExcelData -->
