<?xml version="1.0" encoding="UTF-8"?>
<!-- Generated by org.testng.reporters.JUnitReportReporter -->
<testsuite hostname="LAPTOP-DGUP2R51" failures="0" tests="1" name="com.Hybridframework.runner.ValidateItems" time="22.460" errors="0" timestamp="2021-09-01T21:25:05 IST" skipped="0">
  <testcase classname="com.Hybridframework.runner.ValidateItems" name="validateitem" time="22.460"/>
  <system-out/>
</testsuite> <!-- com.Hybridframework.runner.ValidateItems -->
